<?xml version="1.0" encoding="UTF-8"?>
<!-- Generated by org.testng.reporters.JUnitXMLReporter -->
<testsuite hostname="C100-17" ignored="0" name="Firefox Test" tests="2" failures="1" timestamp="26 Feb 2018 11:56:53 GMT" time="9.384" errors="0">
  <testcase name="Cross" time="3.015" classname="test.CrossBrowsing">
    <failure type="java.lang.NullPointerException">
      <![CDATA[java.lang.NullPointerException
at test.CrossBrowsing.Cross(CrossBrowsing.java:40)
... Removed 25 stack frames]]>
    </failure>
  </testcase> <!-- Cross -->
  <testcase name="firefoxTest" time="6.338" classname="test.CrossBrowsing"/>
</testsuite> <!-- Firefox Test -->
