<?xml version="1.0" encoding="UTF-8"?>
<!-- Generated by org.testng.reporters.JUnitXMLReporter -->
<testsuite hostname="C100-17" ignored="0" name="Test" tests="4" failures="0" timestamp="17 Sep 2018 09:01:58 GMT" time="63.709" errors="0">
  <testcase name="open" time="18.564" classname="demo.NewTest"/>
  <testcase name="Login" time="2.18" classname="demo.NewTest"/>
  <testcase name="search_stu" time="41.542" classname="demo.SearchStudent"/>
  <testcase name="create_student" time="1.381" classname="demo.CreateStudent"/>
</testsuite> <!-- Test -->
