<?xml version="1.0" encoding="UTF-8"?>
<testng-results skipped="0" failed="0" ignored="0" total="1" passed="1">
  <reporter-output>
  </reporter-output>
  <suite name="Default suite" duration-ms="10527" started-at="2018-05-22T07:22:07Z" finished-at="2018-05-22T07:22:18Z">
    <groups>
    </groups>
    <test name="Default test" duration-ms="10527" started-at="2018-05-22T07:22:07Z" finished-at="2018-05-22T07:22:18Z">
      <class name="test.DemoJava">
        <test-method status="PASS" signature="test()[pri:0, instance:test.DemoJava@26653222]" name="test" duration-ms="10493" started-at="2018-05-22T07:22:07Z" finished-at="2018-05-22T07:22:18Z">
          <reporter-output>
          </reporter-output>
        </test-method> <!-- test -->
      </class> <!-- test.DemoJava -->
    </test> <!-- Default test -->
  </suite> <!-- Default suite -->
</testng-results>
