<?xml version="1.0" encoding="UTF-8"?>
<testng-results skipped="0" failed="0" ignored="0" total="1" passed="1">
  <reporter-output>
  </reporter-output>
  <suite name="Default suite" duration-ms="30879" started-at="2018-09-24T04:53:20Z" finished-at="2018-09-24T04:53:51Z">
    <groups>
    </groups>
    <test name="Default test" duration-ms="30879" started-at="2018-09-24T04:53:20Z" finished-at="2018-09-24T04:53:51Z">
      <class name="DemoSikuli">
        <test-method status="PASS" signature="demo()[pri:0, instance:DemoSikuli@1b26f7b2]" name="demo" duration-ms="30844" started-at="2018-09-24T04:53:20Z" finished-at="2018-09-24T04:53:51Z">
          <reporter-output>
          </reporter-output>
        </test-method> <!-- demo -->
      </class> <!-- DemoSikuli -->
    </test> <!-- Default test -->
  </suite> <!-- Default suite -->
</testng-results>
