<?xml version="1.0" encoding="UTF-8"?>
<testng-results skipped="0" failed="0" ignored="0" total="1" passed="1">
  <reporter-output>
  </reporter-output>
  <suite name="Default suite" duration-ms="12642" started-at="2018-06-05T12:33:04Z" finished-at="2018-06-05T12:33:16Z">
    <groups>
    </groups>
    <test name="Default test" duration-ms="12642" started-at="2018-06-05T12:33:04Z" finished-at="2018-06-05T12:33:16Z">
      <class name="com.SelectableItem">
        <test-method status="PASS" signature="run()[pri:0, instance:com.SelectableItem@1593948d]" name="run" duration-ms="12598" started-at="2018-06-05T12:33:04Z" finished-at="2018-06-05T12:33:16Z">
          <reporter-output>
          </reporter-output>
        </test-method> <!-- run -->
      </class> <!-- com.SelectableItem -->
    </test> <!-- Default test -->
  </suite> <!-- Default suite -->
</testng-results>
