<?xml version="1.0" encoding="UTF-8"?>
<testng-results skipped="0" failed="1" ignored="0" total="3" passed="2">
  <reporter-output>
  </reporter-output>
  <suite name="Default suite" duration-ms="13725" started-at="2018-06-11T07:08:19Z" finished-at="2018-06-11T07:08:33Z">
    <groups>
    </groups>
    <test name="Default test" duration-ms="13725" started-at="2018-06-11T07:08:19Z" finished-at="2018-06-11T07:08:33Z">
      <class name="com.demo.TestJenkinsDemo">
        <test-method status="PASS" signature="demoRun()[pri:1, instance:com.demo.TestJenkinsDemo@7a1ebcd8]" name="demoRun" duration-ms="8405" started-at="2018-06-11T07:08:19Z" finished-at="2018-06-11T07:08:27Z">
          <reporter-output>
          </reporter-output>
        </test-method> <!-- demoRun -->
        <test-method status="FAIL" signature="ctrateRecord()[pri:2, instance:com.demo.TestJenkinsDemo@7a1ebcd8]" name="ctrateRecord" duration-ms="4409" started-at="2018-06-11T07:08:27Z" finished-at="2018-06-11T07:08:32Z">
          <exception class="java.lang.ClassCastException">
            <message>
              <![CDATA[java.util.ArrayList cannot be cast to org.openqa.selenium.WebElement]]>
            </message>
            <full-stacktrace>
              <![CDATA[java.lang.ClassCastException: java.util.ArrayList cannot be cast to org.openqa.selenium.WebElement
at com.demo.TestJenkinsDemo.ctrateRecord(TestJenkinsDemo.java:52)
at sun.reflect.NativeMethodAccessorImpl.invoke0(Native Method)
at sun.reflect.NativeMethodAccessorImpl.invoke(NativeMethodAccessorImpl.java:62)
at sun.reflect.DelegatingMethodAccessorImpl.invoke(DelegatingMethodAccessorImpl.java:43)
at java.lang.reflect.Method.invoke(Method.java:483)
at org.testng.internal.MethodInvocationHelper.invokeMethod(MethodInvocationHelper.java:124)
at org.testng.internal.Invoker.invokeMethod(Invoker.java:580)
at org.testng.internal.Invoker.invokeTestMethod(Invoker.java:716)
at org.testng.internal.Invoker.invokeTestMethods(Invoker.java:988)
at org.testng.internal.TestMethodWorker.invokeTestMethods(TestMethodWorker.java:125)
at org.testng.internal.TestMethodWorker.run(TestMethodWorker.java:109)
at org.testng.TestRunner.privateRun(TestRunner.java:648)
at org.testng.TestRunner.run(TestRunner.java:505)
at org.testng.SuiteRunner.runTest(SuiteRunner.java:455)
at org.testng.SuiteRunner.runSequentially(SuiteRunner.java:450)
at org.testng.SuiteRunner.privateRun(SuiteRunner.java:415)
at org.testng.SuiteRunner.run(SuiteRunner.java:364)
at org.testng.SuiteRunnerWorker.runSuite(SuiteRunnerWorker.java:52)
at org.testng.SuiteRunnerWorker.run(SuiteRunnerWorker.java:84)
at org.testng.TestNG.runSuitesSequentially(TestNG.java:1208)
at org.testng.TestNG.runSuitesLocally(TestNG.java:1137)
at org.testng.TestNG.runSuites(TestNG.java:1049)
at org.testng.TestNG.run(TestNG.java:1017)
at org.testng.remote.AbstractRemoteTestNG.run(AbstractRemoteTestNG.java:114)
at org.testng.remote.RemoteTestNG.initAndRun(RemoteTestNG.java:251)
at org.testng.remote.RemoteTestNG.main(RemoteTestNG.java:77)
]]>
            </full-stacktrace>
          </exception> <!-- java.lang.ClassCastException -->
          <reporter-output>
          </reporter-output>
        </test-method> <!-- ctrateRecord -->
        <test-method status="PASS" signature="logout()[pri:3, instance:com.demo.TestJenkinsDemo@7a1ebcd8]" name="logout" duration-ms="862" started-at="2018-06-11T07:08:32Z" finished-at="2018-06-11T07:08:33Z">
          <reporter-output>
          </reporter-output>
        </test-method> <!-- logout -->
      </class> <!-- com.demo.TestJenkinsDemo -->
    </test> <!-- Default test -->
  </suite> <!-- Default suite -->
</testng-results>
