<?xml version="1.0" encoding="UTF-8"?>
<testng-results skipped="0" failed="0" ignored="0" total="1" passed="1">
  <reporter-output>
  </reporter-output>
  <suite name="Default suite" duration-ms="8602" started-at="2018-06-05T07:01:38Z" finished-at="2018-06-05T07:01:46Z">
    <groups>
    </groups>
    <test name="Default test" duration-ms="8602" started-at="2018-06-05T07:01:38Z" finished-at="2018-06-05T07:01:46Z">
      <class name="com.demo.Practice">
        <test-method status="PASS" signature="run()[pri:0, instance:com.demo.Practice@1593948d]" name="run" duration-ms="8569" started-at="2018-06-05T07:01:38Z" finished-at="2018-06-05T07:01:46Z">
          <reporter-output>
          </reporter-output>
        </test-method> <!-- run -->
      </class> <!-- com.demo.Practice -->
    </test> <!-- Default test -->
  </suite> <!-- Default suite -->
</testng-results>
