<?xml version="1.0" encoding="UTF-8"?>
<testng-results skipped="0" failed="0" ignored="0" total="1" passed="1">
  <reporter-output>
  </reporter-output>
  <suite name="Default suite" duration-ms="3608" started-at="2018-06-12T10:27:23Z" finished-at="2018-06-12T10:27:27Z">
    <groups>
    </groups>
    <test name="Default test" duration-ms="3608" started-at="2018-06-12T10:27:23Z" finished-at="2018-06-12T10:27:27Z">
      <class name="com.table.Table">
        <test-method status="PASS" signature="handle_Table()[pri:0, instance:com.table.Table@1593948d]" name="handle_Table" duration-ms="3581" started-at="2018-06-12T10:27:23Z" finished-at="2018-06-12T10:27:27Z">
          <reporter-output>
          </reporter-output>
        </test-method> <!-- handle_Table -->
      </class> <!-- com.table.Table -->
    </test> <!-- Default test -->
  </suite> <!-- Default suite -->
</testng-results>
