<?xml version="1.0" encoding="UTF-8"?>
<testng-results skipped="0" failed="0" total="2" passed="2">
  <reporter-output>
  </reporter-output>
  <suite name="Default suite" duration-ms="6808" started-at="2018-04-18T06:11:47Z" finished-at="2018-04-18T06:11:54Z">
    <groups>
    </groups>
    <test name="Default test" duration-ms="6808" started-at="2018-04-18T06:11:47Z" finished-at="2018-04-18T06:11:54Z">
      <class name="com.kunal.ExtentReportDemo">
        <test-method status="PASS" signature="test()[pri:1, instance:com.kunal.ExtentReportDemo@29ee9faa]" name="test" duration-ms="6502" started-at="2018-04-18T11:41:47Z" finished-at="2018-04-18T11:41:53Z">
          <reporter-output>
          </reporter-output>
        </test-method> <!-- test -->
        <test-method status="PASS" signature="demo()[pri:2, instance:com.kunal.ExtentReportDemo@29ee9faa]" name="demo" duration-ms="286" started-at="2018-04-18T11:41:53Z" finished-at="2018-04-18T11:41:54Z">
          <reporter-output>
          </reporter-output>
        </test-method> <!-- demo -->
      </class> <!-- com.kunal.ExtentReportDemo -->
    </test> <!-- Default test -->
  </suite> <!-- Default suite -->
</testng-results>
