<?xml version="1.0" encoding="UTF-8"?>
<!-- Generated by org.testng.reporters.JUnitXMLReporter -->
<testsuite hostname="C100-17" ignored="0" name="Test Graat palce " tests="1" failures="1" timestamp="25 Jun 2018 07:17:32 GMT" time="0.02" errors="0">
  <testcase name="run_test" time="0.002" classname="com.test.Great">
    <failure type="java.lang.NullPointerException">
      <![CDATA[java.lang.NullPointerException
at com.test.Great.run_test(Great.java:13)
... Removed 25 stack frames]]>
    </failure>
  </testcase> <!-- run_test -->
</testsuite> <!-- Test Graat palce  -->
