<?xml version="1.0" encoding="UTF-8"?>
<testng-results skipped="0" failed="0" ignored="0" total="1" passed="1">
  <reporter-output>
  </reporter-output>
  <suite name="Default suite" duration-ms="12877" started-at="2018-05-25T06:13:19Z" finished-at="2018-05-25T06:13:32Z">
    <groups>
    </groups>
    <test name="Default test" duration-ms="12877" started-at="2018-05-25T06:13:19Z" finished-at="2018-05-25T06:13:32Z">
      <class name="com.demo.log.DemoLog">
        <test-method status="PASS" signature="test()[pri:0, instance:com.demo.log.DemoLog@2353b3e6]" name="test" duration-ms="12843" started-at="2018-05-25T06:13:19Z" finished-at="2018-05-25T06:13:32Z">
          <reporter-output>
          </reporter-output>
        </test-method> <!-- test -->
      </class> <!-- com.demo.log.DemoLog -->
    </test> <!-- Default test -->
  </suite> <!-- Default suite -->
</testng-results>
