<?xml version="1.0" encoding="UTF-8"?>
<testng-results skipped="0" failed="0" ignored="0" total="3" passed="3">
  <reporter-output>
  </reporter-output>
  <suite name="Suite" duration-ms="16829" started-at="2018-06-25T09:58:58Z" finished-at="2018-06-25T09:59:15Z">
    <groups>
      <group name="smoke">
        <method signature="LoginTest.login_Test(java.lang.String)[pri:1, instance:com.test.LoginTest@475530b9]" name="login_Test" class="com.test.LoginTest"/>
        <method signature="Great.run_test(java.lang.String)[pri:3, instance:com.test.Great@548e7350]" name="run_test" class="com.test.Great"/>
      </group> <!-- smoke -->
      <group name="sanity">
        <method signature="LoginTest.login()[pri:2, instance:com.test.LoginTest@475530b9]" name="login" class="com.test.LoginTest"/>
      </group> <!-- sanity -->
    </groups>
    <test name="Test1" duration-ms="14603" started-at="2018-06-25T09:58:58Z" finished-at="2018-06-25T09:59:13Z">
      <class name="com.test.Great">
        <test-method status="PASS" signature="run_test(java.lang.String)[pri:3, instance:com.test.Great@548e7350]" name="run_test" duration-ms="14560" started-at="2018-06-25T09:58:59Z" finished-at="2018-06-25T09:59:13Z">
          <params>
            <param index="0">
              <value>
                <![CDATA[firefox]]>
              </value>
            </param>
          </params>
          <reporter-output>
          </reporter-output>
        </test-method> <!-- run_test -->
      </class> <!-- com.test.Great -->
    </test> <!-- Test1 -->
    <test name="Test" duration-ms="16829" started-at="2018-06-25T09:58:58Z" finished-at="2018-06-25T09:59:15Z">
      <class name="com.test.LoginTest">
        <test-method status="PASS" signature="login_Test(java.lang.String)[pri:1, instance:com.test.LoginTest@475530b9]" name="login_Test" duration-ms="10038" started-at="2018-06-25T09:58:59Z" finished-at="2018-06-25T09:59:09Z">
          <params>
            <param index="0">
              <value>
                <![CDATA[chrome]]>
              </value>
            </param>
          </params>
          <reporter-output>
          </reporter-output>
        </test-method> <!-- login_Test -->
        <test-method status="PASS" signature="login()[pri:2, instance:com.test.LoginTest@475530b9]" name="login" duration-ms="6743" started-at="2018-06-25T09:59:09Z" finished-at="2018-06-25T09:59:15Z">
          <reporter-output>
          </reporter-output>
        </test-method> <!-- login -->
      </class> <!-- com.test.LoginTest -->
    </test> <!-- Test -->
  </suite> <!-- Suite -->
</testng-results>
