<?xml version="1.0" encoding="UTF-8"?>
<testng-results skipped="0" failed="0" ignored="0" total="1" passed="1">
  <reporter-output>
  </reporter-output>
  <suite name="Default suite" duration-ms="4987" started-at="2018-08-02T06:49:28Z" finished-at="2018-08-02T06:49:33Z">
    <groups>
    </groups>
    <test name="Default test" duration-ms="4987" started-at="2018-08-02T06:49:28Z" finished-at="2018-08-02T06:49:33Z">
      <class name="com.demo.email.NewTest">
        <test-method status="PASS" signature="test()[pri:0, instance:com.demo.email.NewTest@28feb3fa]" name="test" duration-ms="16" started-at="2018-08-02T06:49:28Z" finished-at="2018-08-02T06:49:28Z">
          <reporter-output>
          </reporter-output>
        </test-method> <!-- test -->
        <test-method status="PASS" signature="afterclass()[pri:0, instance:com.demo.email.NewTest@28feb3fa]" name="afterclass" is-config="true" duration-ms="4924" started-at="2018-08-02T06:49:28Z" finished-at="2018-08-02T06:49:33Z">
          <reporter-output>
          </reporter-output>
        </test-method> <!-- afterclass -->
      </class> <!-- com.demo.email.NewTest -->
    </test> <!-- Default test -->
  </suite> <!-- Default suite -->
</testng-results>
