<?xml version="1.0" encoding="UTF-8"?>
<!-- Generated by org.testng.reporters.JUnitXMLReporter -->
<testsuite hostname="C100-17" ignored="0" name="Test" tests="3" failures="0" timestamp="11 Jun 2018 06:29:20 GMT" time="14.16" errors="0">
  <testcase name="demoRun" time="10.723" classname="com.demo.TestJenkinsDemo"/>
  <testcase name="ctrateRecord" time="2.627" classname="com.demo.TestJenkinsDemo"/>
  <testcase name="logout" time="0.786" classname="com.demo.TestJenkinsDemo"/>
</testsuite> <!-- Test -->
